make all --print-data-base --no-builtin-variables --no-builtin-rules --question
# GNU Make 4.3
# Built for x86_64-pc-linux-gnu
# Copyright (C) 1988-2020 Free Software Foundation, Inc.
# License GPLv3+: GNU GPL version 3 or later <http://gnu.org/licenses/gpl.html>
# This is free software: you are free to change and redistribute it.
# There is NO WARRANTY, to the extent permitted by law.

# Make data base, printed on Mon Sep 13 13:28:48 2021

# Variables

# environment
GDK_BACKEND = x11
# environment
LC_ALL = C
# environment
GNOME_SHELL_SESSION_MODE = pop
# environment
SSH_AGENT_LAUNCHER = gnome-keyring
# makefile (from 'Makefile', line 4)
AR := ar -rcs
# environment
GJS_DEBUG_OUTPUT = stderr
# environment
VSCODE_IPC_HOOK_EXTHOST = /run/user/1000/vscode-ipc-7fbe8a5c-4907-4d6a-91e4-199a7476f474.sock
# makefile (from 'Makefile', line 7)
SRC_DIR := src
# environment
LC_NAME = en_US.UTF-8
# environment
LC_NUMERIC = en_US.UTF-8
# environment
VSCODE_CWD = /home/hcduller
# environment
WINDOWPATH = 2
# makefile (from 'Makefile', line 11)
LIBS := -L../libft -lft
# environment
LC_ADDRESS = en_US.UTF-8
# default
MAKE_COMMAND := make
# environment
QT_ACCESSIBILITY = 1
# automatic
@D = $(patsubst %/,%,$(dir $@))
# environment
VSCODE_BROWSER_CODE_LOADING = bypassHeatCheck
# environment
VSCODE_HANDLES_UNCAUGHT_ERRORS = true
# default
.VARIABLES := 
# environment
PWD = /home/hcduller/Documents/42/SoLong/ber_parser
# automatic
%D = $(patsubst %/,%,$(dir $%))
# environment
LSCOLORS = Gxfxcxdxbxegedabagacad
# environment
XDG_DATA_DIRS = /usr/share/pop:/home/hcduller/.local/share/flatpak/exports/share:/var/lib/flatpak/exports/share:/usr/local/share/:/usr/share/:/var/lib/snapd/desktop
# environment
OLDPWD = /home/hcduller
# automatic
^D = $(patsubst %/,%,$(dir $^))
# environment
VSCODE_LOG_STACK = false
# automatic
%F = $(notdir $%)
# environment
VSCODE_CODE_CACHE_PATH = /home/hcduller/.config/Code/CachedData/3866c3553be8b268c8a7f8c0482c0c0177aa8bfa
# environment
LANG = C
# environment
XAUTHORITY = /run/user/1000/gdm/Xauthority
# default
.LOADED := 
# default
.INCLUDE_DIRS = /usr/local/include /usr/include /usr/include
# makefile
MAKEFLAGS = pqrR
# makefile
CURDIR := /home/hcduller/Documents/42/SoLong/ber_parser
# environment
VSCODE_PIPE_LOGGING = true
# environment
APPLICATION_INSIGHTS_NO_DIAGNOSTIC_CHANNEL = true
# automatic
*D = $(patsubst %/,%,$(dir $*))
# environment
MFLAGS = -pqrR
# environment
SSH_AUTH_SOCK = /run/user/1000/keyring/ssh
# default
.SHELLFLAGS := -c
# environment
XDG_CONFIG_DIRS = /etc/xdg/xdg-pop:/etc/xdg
# automatic
+D = $(patsubst %/,%,$(dir $+))
# environment
VSCODE_CRASH_REPORTER_START_OPTIONS = {"companyName":"Microsoft","productName":"VSCode","submitURL":"appcenter://code?aid=fba07a4d-84bd-4fc8-a125-9640fc8ce171&uid=ac154fe0-69d4-4ae6-96df-1708d05622a7&iid=ac154fe0-69d4-4ae6-96df-1708d05622a7&sid=ac154fe0-69d4-4ae6-96df-1708d05622a7","uploadToServer":true}
# environment
XDG_SESSION_DESKTOP = pop
# makefile (from 'Makefile', line 1)
MAKEFILE_LIST := Makefile
# automatic
@F = $(notdir $@)
# environment
ZSH = /home/hcduller/.oh-my-zsh
# environment
VSCODE_VERBOSE_LOGGING = true
# environment
VSCODE_PID = 6848
# environment
XDG_SESSION_TYPE = x11
# automatic
?D = $(patsubst %/,%,$(dir $?))
# makefile (from 'Makefile', line 10)
INCLUDES := -I../libft -I.
# environment
SESSION_MANAGER = local/pop-os:@/tmp/.ICE-unix/2585,unix/pop-os:/tmp/.ICE-unix/2585
# automatic
*F = $(notdir $*)
# environment
CHROME_DESKTOP = code-url-handler.desktop
# environment
DBUS_SESSION_BUS_ADDRESS = unix:path=/run/user/1000/bus
# automatic
<D = $(patsubst %/,%,$(dir $<))
# environment
VSCODE_NLS_CONFIG = {"locale":"en-us","availableLanguages":{},"_languagePackSupport":true}
# environment
BREAKPAD_DUMP_LOCATION = /home/hcduller/.config/Code/exthost Crash Reports
# default
MAKE_HOST := x86_64-pc-linux-gnu
# makefile (from 'Makefile', line 28)
OBJS = $(addprefix $(OBJS_DIR)/,$(SRC_FILES:.c=.o))
# environment
GNOME_DESKTOP_SESSION_ID = this-is-deprecated
# makefile
SHELL = /bin/sh
# default
MAKECMDGOALS := all
# environment
XMODIFIERS = @im=ibus
# environment
GJS_DEBUG_TOPICS = JS ERROR;JS LOG
# environment
SHLVL = 0
# environment
MAKELEVEL := 0
# default
MAKE = $(MAKE_COMMAND)
# environment
PATH = /home/hcduller/.local/bin:/home/hcduller/.local/bin:/usr/local/sbin:/usr/local/bin:/usr/sbin:/usr/bin:/sbin:/bin:/usr/games:/usr/local/games:/snap/bin:/snap/bin
# default
MAKEFILES := 
# environment
LANGUAGE = en_US:en
# environment
LC_MONETARY = en_US.UTF-8
# automatic
^F = $(notdir $^)
# environment
LC_TIME = en_US.UTF-8
# environment
INVOCATION_ID = 3afeeec43cae48c5b18116662051caf1
# environment
VSCODE_LOG_NATIVE = false
# environment
USERNAME = hcduller
# environment
LC_TELEPHONE = en_US.UTF-8
# automatic
?F = $(notdir $?)
# makefile (from 'Makefile', line 1)
NAME = libberparser.a
# environment
GTK_IM_MODULE = ibus
# environment
XDG_CURRENT_DESKTOP = Unity
# environment
LS_COLORS = 
# automatic
+F = $(notdir $+)
# environment
LESS = -R
# environment
DESKTOP_SESSION = pop
# environment
ORIGINAL_XDG_CURRENT_DESKTOP = pop:GNOME
# 'override' directive
GNUMAKEFLAGS := 
# environment
LOGNAME = hcduller
# environment
GIO_LAUNCHED_DESKTOP_FILE = /usr/share/applications/code.desktop
# makefile
.DEFAULT_GOAL := libberparser.a
# environment
DISPLAY = :1
# environment
USER = hcduller
# environment
GTK_MODULES = gail:atk-bridge:appmenu-gtk-module
# default
MAKE_VERSION := 4.3
# makefile (from 'Makefile', line 13)
SRC_FILES := file_to_string.c replace_chars.c count_lines.c has_forbidden_char.c line_size.c break_into_lines.c map_boundaries_ok.c has_just_one_player.c has_one_or_more_of.c free_lines.c has_distinct_line_sizes.c get_parsed_map.c destroy_map.c check_ber_ext.c 
# environment
MANAGERPID = 2042
# environment
LC_MEASUREMENT = en_US.UTF-8
# environment
GIO_LAUNCHED_DESKTOP_FILE_PID = 6848
# makefile (from 'Makefile', line 8)
OBJS_DIR := obj
# environment
PAGER = less
# environment
_ = /usr/share/code/code
# environment
LC_PAPER = en_US.UTF-8
# environment
XDG_RUNTIME_DIR = /run/user/1000
# makefile (from 'Makefile', line 5)
CFLAGS := -Wall -Wextra -Werror
# environment
GPG_AGENT_INFO = /run/user/1000/gnupg/S.gpg-agent:0:1
# environment
JOURNAL_STREAM = 8:31730
# environment
XDG_SESSION_CLASS = user
# environment
VSCODE_AMD_ENTRYPOINT = vs/workbench/services/extensions/node/extensionHostProcess
# environment
HOME = /home/hcduller
# environment
QT_IM_MODULE = ibus
# environment
ELECTRON_RUN_AS_NODE = 1
# environment
VSCODE_IPC_HOOK = /run/user/1000/vscode-6ff2d138-1.59.1-main.sock
# environment
PAPERSIZE = letter
# default
.RECIPEPREFIX := 
# automatic
<F = $(notdir $<)
# default
SUFFIXES := 
# default
.FEATURES := target-specific order-only second-expansion else-if shortest-stem undefine oneshell nocomment grouped-target extra-prereqs archives jobserver output-sync check-symlink load
# makefile (from 'Makefile', line 3)
CC := clang
# environment
XDG_MENU_PREFIX = gnome-
# environment
GDMSESSION = pop
# environment
LC_IDENTIFICATION = en_US.UTF-8
# variable set hash-table stats:
# Load=124/1024=12%, Rehash=0, Collisions=6/168=4%

# Pattern-specific Variable Values

# No pattern-specific variable values.

# Directories

# src (device 2065, inode 3803559): 8 files, no impossibilities so far.
# . (device 2065, inode 3803556): 8 files, no impossibilities.

# 16 files, no impossibilities in 2 directories.

# Implicit Rules

obj/%.o: src/%.c
#  recipe to execute (from 'Makefile', line 38):
	@mkdir -p $(OBJS_DIR)
	$(CC) -g $(CFLAGS) $< $(INCLUDES) -c -o $@

# 1 implicit rules, 0 (0.0%) terminal.
# Files

# Not a target:
obj/has_forbidden_char.o:
#  Implicit rule search has not been done.
#  Modification time never checked.
#  File has not been updated.

obj/file_to_string.o: src/file_to_string.c
#  Implicit rule search has been done.
#  Implicit/static pattern stem: 'file_to_string'
#  File does not exist.
#  File has been updated.
#  Needs to be updated (-q is set).
# automatic
# @ := obj/file_to_string.o
# automatic
# * := file_to_string
# automatic
# < := src/file_to_string.c
# automatic
# + := src/file_to_string.c
# automatic
# % := 
# automatic
# ^ := src/file_to_string.c
# automatic
# ? := src/file_to_string.c
# automatic
# | := 
# variable set hash-table stats:
# Load=8/32=25%, Rehash=0, Collisions=3/17=18%
#  recipe to execute (from 'Makefile', line 38):
	@mkdir -p $(OBJS_DIR)
	$(CC) -g $(CFLAGS) $< $(INCLUDES) -c -o $@

# Not a target:
obj/map_boundaries_ok.o:
#  Implicit rule search has not been done.
#  Modification time never checked.
#  File has not been updated.

# Not a target:
Makefile:
#  Implicit rule search has been done.
 
#  Last modified 2021-09-08 23:12:46.358826216
#  File has been updated.
#  Successfully updated.

# Not a target:
obj/destroy_map.o:
#  Implicit rule search has not been done.
#  Modification time never checked.
#  File has not been updated.

# Not a target:
src/file_to_string.c:
#  Implicit rule search has been done.
#  Last modified 2021-09-09 22:12:01.59268486
#  File has been updated.
#  Successfully updated.

# Not a target:
obj/check_ber_ext.o:
#  Implicit rule search has not been done.
#  Modification time never checked.
#  File has not been updated.

# Not a target:
obj/free_lines.o:
#  Implicit rule search has not been done.
#  Modification time never checked.
#  File has not been updated.

clean:
#  Phony target (prerequisite of .PHONY).
#  Implicit rule search has not been done.
#  File does not exist.
#  File has not been updated.
#  recipe to execute (from 'Makefile', line 42):
	rm -rfd $(OBJS_DIR) 

# Not a target:
obj/line_size.o:
#  Implicit rule search has not been done.
#  Modification time never checked.
#  File has not been updated.

# Not a target:
obj/break_into_lines.o:
#  Implicit rule search has not been done.
#  Modification time never checked.
#  File has not been updated.

libberparser.a: obj/file_to_string.o obj/replace_chars.o obj/count_lines.o obj/has_forbidden_char.o obj/line_size.o obj/break_into_lines.o obj/map_boundaries_ok.o obj/has_just_one_player.o obj/has_one_or_more_of.o obj/free_lines.o obj/has_distinct_line_sizes.o obj/get_parsed_map.o obj/destroy_map.o obj/check_ber_ext.o
#  Implicit rule search has not been done.
#  Last modified 2021-09-09 21:40:37.221273968
#  File has been updated.
#  Needs to be updated (-q is set).
# variable set hash-table stats:
# Load=0/32=0%, Rehash=0, Collisions=0/7=0%
#  recipe to execute (from 'Makefile', line 33):
	$(AR) $(NAME) $(OBJS)

re: clean all
#  Implicit rule search has not been done.
#  Modification time never checked.
#  File has not been updated.

# Not a target:
obj/has_distinct_line_sizes.o:
#  Implicit rule search has not been done.
#  Modification time never checked.
#  File has not been updated.

# Not a target:
.DEFAULT:
#  Implicit rule search has not been done.
#  Modification time never checked.
#  File has not been updated.

all: libberparser.a
#  Command line target.
#  Implicit rule search has been done.
#  File does not exist.
#  File has been updated.
#  Needs to be updated (-q is set).
# variable set hash-table stats:
# Load=0/32=0%, Rehash=0, Collisions=0/7=0%

fclean:
#  Phony target (prerequisite of .PHONY).
#  Implicit rule search has not been done.
#  File does not exist.
#  File has not been updated.

# Not a target:
obj/count_lines.o:
#  Implicit rule search has not been done.
#  Modification time never checked.
#  File has not been updated.

# Not a target:
obj/get_parsed_map.o:
#  Implicit rule search has not been done.
#  Modification time never checked.
#  File has not been updated.

# Not a target:
obj/has_just_one_player.o:
#  Implicit rule search has not been done.
#  Modification time never checked.
#  File has not been updated.

# Not a target:
obj/replace_chars.o:
#  Implicit rule search has not been done.
#  Modification time never checked.
#  File has not been updated.

.PHONY: clean fclean
#  Implicit rule search has not been done.
#  Modification time never checked.
#  File has not been updated.

# Not a target:
obj/has_one_or_more_of.o:
#  Implicit rule search has not been done.
#  Modification time never checked.
#  File has not been updated.

# files hash-table stats:
# Load=24/1024=2%, Rehash=0, Collisions=1/58=2%
# VPATH Search Paths

# No 'vpath' search paths.

# No general ('VPATH' variable) search path.

# strcache buffers: 1 (0) / strings = 43 / storage = 636 B / avg = 14 B
# current buf: size = 8162 B / used = 636 B / count = 43 / avg = 14 B

# strcache performance: lookups = 60 / hit rate = 28%
# hash-table stats:
# Load=43/8192=1%, Rehash=0, Collisions=0/60=0%
# Finished Make data base on Mon Sep 13 13:28:48 2021

 
