make --dry-run --keep-going --print-directory
make: Entering directory '/home/hcduller/Documents/42/so_long_2'
make -C ./libft
 
make[1]: Entering directory '/home/hcduller/Documents/42/so_long_2/libft'
make[1]: 'libft.a' is up to date.
make[1]: Leaving directory '/home/hcduller/Documents/42/so_long_2/libft'
 
make -C ./img_utils
 
make[1]: Entering directory '/home/hcduller/Documents/42/so_long_2/img_utils'
make[1]: 'libimg_utils.a' is up to date.
make[1]: Leaving directory '/home/hcduller/Documents/42/so_long_2/img_utils'
 
make -C ./ber_parser
 
make[1]: Entering directory '/home/hcduller/Documents/42/so_long_2/ber_parser'
make[1]: 'libberparser.a' is up to date.
make[1]: Leaving directory '/home/hcduller/Documents/42/so_long_2/ber_parser'
 
make -C ./mlx_linux
 
make[1]: Entering directory '/home/hcduller/Documents/42/so_long_2/mlx_linux'
./configure
make[1]: Leaving directory '/home/hcduller/Documents/42/so_long_2/mlx_linux'
 
clang objs/can_move_to.o objs/close_win.o objs/count_entities.o objs/c_to_i.o objs/game_tick.o objs/get_ent_by_pos.o objs/make_overlay.o objs/new_entity.o objs/pos_has_entity.o objs/pressed_key.o objs/translate_player.o objs/fill_entities.o objs/load_sprites.o objs/get_player.o objs/get_exit.o objs/load_enemy.o objs/load_exit.o objs/load_meat.o objs/load_player.o objs/load_snow.o objs/load_tree.o objs/img_from_entity.o objs/make_base_map.o objs/get_image_by_type.o objs/start_game.o objs/main.o objs/destroy_entity.o objs/destroy_entities.o objs/destroy_sprite.o objs/destroy_game_sprites.o -I. -I./img_utils -I./ber_parser -I./libft -I./mlx_linux -L./img_utils -limg_utils -L./ber_parser -lberparser -L./mlx_linux -lmlx_Linux -L./libft -lft -lXext -lX11 -lm -o so_long
make: Leaving directory '/home/hcduller/Documents/42/so_long_2'
 
